app/build/intermediates/manifest_merge_blame_file/debug/processDebugMainManifest/manifest-merger-blame-debug-report.txt
1<?xml version="1.0" encoding="utf-8"?>
2<manifest xmlns:android="http://schemas.android.com/apk/res/android"
3    package="com.gmspace.sdk"
4    android:versionCode="1"
5    android:versionName="1.0" >
6
7    <uses-sdk
8        android:minSdkVersion="21"
9        android:targetSdkVersion="34" />
10
11    <queries>
11-->src\main\AndroidManifest.xml:79:5-83:15
12        <intent>
12-->src\main\AndroidManifest.xml:80:9-82:18
13            <action android:name="android.intent.action.MAIN" />
13-->src\main\AndroidManifest.xml:28:17-69
13-->src\main\AndroidManifest.xml:28:25-66
14        </intent>
15    </queries>
16
17    <uses-permission android:name="android.permission.SYSTEM_ALERT_WINDOW" />
17-->src\main\AndroidManifest.xml:85:5-78
17-->src\main\AndroidManifest.xml:85:22-75
18    <uses-permission android:name="android.permission.WRITE_EXTERNAL_STORAGE" />
18-->src\main\AndroidManifest.xml:87:5-81
18-->src\main\AndroidManifest.xml:87:22-78
19    <uses-permission android:name="android.permission.READ_EXTERNAL_STORAGE" />
19-->src\main\AndroidManifest.xml:89:5-80
19-->src\main\AndroidManifest.xml:89:22-77
20    <uses-permission android:name="android.permission.FOREGROUND_SERVICE" />
20-->[sdk-1.0.0.aar] AndroidManifest.xml:8:5-77
20-->[sdk-1.0.0.aar] AndroidManifest.xml:8:22-74
21    <uses-permission android:name="android.permission.FOREGROUND_SERVICE_MEDIA_PROJECTION" />
21-->[sdk-1.0.0.aar] AndroidManifest.xml:9:5-94
21-->[sdk-1.0.0.aar] AndroidManifest.xml:9:22-91
22    <uses-permission android:name="android.permission.POST_NOTIFICATIONS" />
22-->[sdk-1.0.0.aar] AndroidManifest.xml:10:5-77
22-->[sdk-1.0.0.aar] AndroidManifest.xml:10:22-74
23    <uses-permission android:name="android.permission.ACCESS_NETWORK_STATE" />
23-->[sdk-1.0.0.aar] AndroidManifest.xml:11:5-79
23-->[sdk-1.0.0.aar] AndroidManifest.xml:11:22-76
24    <uses-permission android:name="android.permission.REQUEST_INSTALL_PACKAGES" />
24-->[com.vmos:sample-kit:1.1.1] AndroidManifest.xml:8:5-83
24-->[com.vmos:sample-kit:1.1.1] AndroidManifest.xml:8:22-80
25    <uses-permission android:name="android.permission.MANAGE_EXTERNAL_STORAGE" />
25-->[com.vmos:sample-kit:1.1.1] AndroidManifest.xml:9:5-82
25-->[com.vmos:sample-kit:1.1.1] AndroidManifest.xml:9:22-79
26
27    <permission
27-->[androidx.core:core:1.13.1] AndroidManifest.xml:22:5-24:47
28        android:name="com.gmspace.sdk.DYNAMIC_RECEIVER_NOT_EXPORTED_PERMISSION"
28-->[androidx.core:core:1.13.1] AndroidManifest.xml:23:9-81
29        android:protectionLevel="signature" />
29-->[androidx.core:core:1.13.1] AndroidManifest.xml:24:9-44
30
31    <uses-permission android:name="com.gmspace.sdk.DYNAMIC_RECEIVER_NOT_EXPORTED_PERMISSION" />
31-->[androidx.core:core:1.13.1] AndroidManifest.xml:26:5-97
31-->[androidx.core:core:1.13.1] AndroidManifest.xml:26:22-94
32    <uses-permission android:name="android.permission.READ_APP_SPECIFIC_LOCALES" />
32-->[com.vmos:vmos-lite-sdk:1.1.4-beta03] AndroidManifest.xml:10:5-84
32-->[com.vmos:vmos-lite-sdk:1.1.4-beta03] AndroidManifest.xml:10:22-81
33    <uses-permission android:name="android.permission.ACCOUNT_MANAGER" />
33-->[com.vmos:vmos-lite-sdk:1.1.4-beta03] AndroidManifest.xml:11:5-13:47
33-->[com.vmos:vmos-lite-sdk:1.1.4-beta03] AndroidManifest.xml:12:9-58
34    <uses-permission android:name="android.permission.ACCESS_COARSE_LOCATION" />
34-->[com.vmos:vmos-lite-sdk:1.1.4-beta03] AndroidManifest.xml:14:5-81
34-->[com.vmos:vmos-lite-sdk:1.1.4-beta03] AndroidManifest.xml:14:22-78
35    <uses-permission android:name="android.permission.ACCESS_FINE_LOCATION" />
35-->[com.vmos:vmos-lite-sdk:1.1.4-beta03] AndroidManifest.xml:15:5-79
35-->[com.vmos:vmos-lite-sdk:1.1.4-beta03] AndroidManifest.xml:15:22-76
36    <uses-permission android:name="android.permission.ACCESS_LOCATION_EXTRA_COMMANDS" />
36-->[com.vmos:vmos-lite-sdk:1.1.4-beta03] AndroidManifest.xml:16:5-89
36-->[com.vmos:vmos-lite-sdk:1.1.4-beta03] AndroidManifest.xml:16:22-86
37    <uses-permission android:name="android.permission.ACCESS_WIFI_STATE" />
37-->[com.vmos:vmos-lite-sdk:1.1.4-beta03] AndroidManifest.xml:18:5-76
37-->[com.vmos:vmos-lite-sdk:1.1.4-beta03] AndroidManifest.xml:18:22-73
38    <uses-permission android:name="android.permission.ACCESS_WIMAX_STATE" />
38-->[com.vmos:vmos-lite-sdk:1.1.4-beta03] AndroidManifest.xml:19:5-77
38-->[com.vmos:vmos-lite-sdk:1.1.4-beta03] AndroidManifest.xml:19:22-74
39    <uses-permission android:name="android.permission.AUTHENTICATE_ACCOUNTS" />
39-->[com.vmos:vmos-lite-sdk:1.1.4-beta03] AndroidManifest.xml:20:5-80
39-->[com.vmos:vmos-lite-sdk:1.1.4-beta03] AndroidManifest.xml:20:22-77
40    <uses-permission android:name="android.permission.BIND_APPWIDGET" />
40-->[com.vmos:vmos-lite-sdk:1.1.4-beta03] AndroidManifest.xml:21:5-23:47
40-->[com.vmos:vmos-lite-sdk:1.1.4-beta03] AndroidManifest.xml:22:9-57
41    <uses-permission android:name="android.permission.BLUETOOTH" />
41-->[com.vmos:vmos-lite-sdk:1.1.4-beta03] AndroidManifest.xml:24:5-68
41-->[com.vmos:vmos-lite-sdk:1.1.4-beta03] AndroidManifest.xml:24:22-65
42    <uses-permission android:name="android.permission.BLUETOOTH_ADMIN" />
42-->[com.vmos:vmos-lite-sdk:1.1.4-beta03] AndroidManifest.xml:25:5-74
42-->[com.vmos:vmos-lite-sdk:1.1.4-beta03] AndroidManifest.xml:25:22-71
43    <uses-permission android:name="android.permission.BLUETOOTH_CONNECT" />
43-->[com.vmos:vmos-lite-sdk:1.1.4-beta03] AndroidManifest.xml:26:5-76
43-->[com.vmos:vmos-lite-sdk:1.1.4-beta03] AndroidManifest.xml:26:22-73
44    <uses-permission android:name="android.permission.BLUETOOTH_SCAN" />
44-->[com.vmos:vmos-lite-sdk:1.1.4-beta03] AndroidManifest.xml:27:5-73
44-->[com.vmos:vmos-lite-sdk:1.1.4-beta03] AndroidManifest.xml:27:22-70
45    <uses-permission android:name="android.permission.BLUETOOTH_ADVERTISE" />
45-->[com.vmos:vmos-lite-sdk:1.1.4-beta03] AndroidManifest.xml:28:5-78
45-->[com.vmos:vmos-lite-sdk:1.1.4-beta03] AndroidManifest.xml:28:22-75
46    <uses-permission android:name="android.permission.BODY_SENSORS" />
46-->[com.vmos:vmos-lite-sdk:1.1.4-beta03] AndroidManifest.xml:29:5-71
46-->[com.vmos:vmos-lite-sdk:1.1.4-beta03] AndroidManifest.xml:29:22-68
47    <uses-permission android:name="android.permission.BROADCAST_STICKY" />
47-->[com.vmos:vmos-lite-sdk:1.1.4-beta03] AndroidManifest.xml:30:5-75
47-->[com.vmos:vmos-lite-sdk:1.1.4-beta03] AndroidManifest.xml:30:22-72
48    <uses-permission android:name="android.permission.CALL_PHONE" />
48-->[com.vmos:vmos-lite-sdk:1.1.4-beta03] AndroidManifest.xml:31:5-69
48-->[com.vmos:vmos-lite-sdk:1.1.4-beta03] AndroidManifest.xml:31:22-66
49    <uses-permission android:name="android.permission.CAMERA" />
49-->[com.vmos:vmos-lite-sdk:1.1.4-beta03] AndroidManifest.xml:32:5-65
49-->[com.vmos:vmos-lite-sdk:1.1.4-beta03] AndroidManifest.xml:32:22-62
50    <uses-permission android:name="android.permission.CHANGE_NETWORK_STATE" />
50-->[com.vmos:vmos-lite-sdk:1.1.4-beta03] AndroidManifest.xml:33:5-79
50-->[com.vmos:vmos-lite-sdk:1.1.4-beta03] AndroidManifest.xml:33:22-76
51    <uses-permission android:name="android.permission.CHANGE_WIFI_MULTICAST_STATE" />
51-->[com.vmos:vmos-lite-sdk:1.1.4-beta03] AndroidManifest.xml:34:5-86
51-->[com.vmos:vmos-lite-sdk:1.1.4-beta03] AndroidManifest.xml:34:22-83
52    <uses-permission android:name="android.permission.CHANGE_WIFI_STATE" />
52-->[com.vmos:vmos-lite-sdk:1.1.4-beta03] AndroidManifest.xml:35:5-76
52-->[com.vmos:vmos-lite-sdk:1.1.4-beta03] AndroidManifest.xml:35:22-73
53    <uses-permission android:name="android.permission.CHANGE_WIMAX_STATE" />
53-->[com.vmos:vmos-lite-sdk:1.1.4-beta03] AndroidManifest.xml:36:5-77
53-->[com.vmos:vmos-lite-sdk:1.1.4-beta03] AndroidManifest.xml:36:22-74
54    <uses-permission android:name="android.permission.CLEAR_APP_CACHE" />
54-->[com.vmos:vmos-lite-sdk:1.1.4-beta03] AndroidManifest.xml:37:5-39:47
54-->[com.vmos:vmos-lite-sdk:1.1.4-beta03] AndroidManifest.xml:38:9-58
55    <uses-permission android:name="android.permission.DISABLE_KEYGUARD" />
55-->[com.vmos:vmos-lite-sdk:1.1.4-beta03] AndroidManifest.xml:40:5-75
55-->[com.vmos:vmos-lite-sdk:1.1.4-beta03] AndroidManifest.xml:40:22-72
56    <uses-permission android:name="android.permission.DOWNLOAD_WITHOUT_NOTIFICATION" />
56-->[com.vmos:vmos-lite-sdk:1.1.4-beta03] AndroidManifest.xml:41:5-88
56-->[com.vmos:vmos-lite-sdk:1.1.4-beta03] AndroidManifest.xml:41:22-85
57    <uses-permission android:name="android.permission.SUBSTITUTE_NOTIFICATION_APP_NAME" />
57-->[com.vmos:vmos-lite-sdk:1.1.4-beta03] AndroidManifest.xml:42:5-91
57-->[com.vmos:vmos-lite-sdk:1.1.4-beta03] AndroidManifest.xml:42:22-88
58    <uses-permission android:name="android.permission.EXPAND_STATUS_BAR" />
58-->[com.vmos:vmos-lite-sdk:1.1.4-beta03] AndroidManifest.xml:43:5-76
58-->[com.vmos:vmos-lite-sdk:1.1.4-beta03] AndroidManifest.xml:43:22-73
59    <uses-permission android:name="android.permission.FLASHLIGHT" />
59-->[com.vmos:vmos-lite-sdk:1.1.4-beta03] AndroidManifest.xml:44:5-69
59-->[com.vmos:vmos-lite-sdk:1.1.4-beta03] AndroidManifest.xml:44:22-66
60    <uses-permission android:name="android.permission.GET_ACCOUNTS" />
60-->[com.vmos:vmos-lite-sdk:1.1.4-beta03] AndroidManifest.xml:45:5-71
60-->[com.vmos:vmos-lite-sdk:1.1.4-beta03] AndroidManifest.xml:45:22-68
61    <uses-permission android:name="android.permission.GET_PACKAGE_SIZE" />
61-->[com.vmos:vmos-lite-sdk:1.1.4-beta03] AndroidManifest.xml:46:5-75
61-->[com.vmos:vmos-lite-sdk:1.1.4-beta03] AndroidManifest.xml:46:22-72
62    <uses-permission android:name="android.permission.GET_TASKS" />
62-->[com.vmos:vmos-lite-sdk:1.1.4-beta03] AndroidManifest.xml:47:5-68
62-->[com.vmos:vmos-lite-sdk:1.1.4-beta03] AndroidManifest.xml:47:22-65
63    <uses-permission android:name="android.permission.INTERNET" />
63-->[com.vmos:vmos-lite-sdk:1.1.4-beta03] AndroidManifest.xml:48:5-67
63-->[com.vmos:vmos-lite-sdk:1.1.4-beta03] AndroidManifest.xml:48:22-64
64    <uses-permission android:name="android.permission.KILL_BACKGROUND_PROCESSES" />
64-->[com.vmos:vmos-lite-sdk:1.1.4-beta03] AndroidManifest.xml:49:5-84
64-->[com.vmos:vmos-lite-sdk:1.1.4-beta03] AndroidManifest.xml:49:22-81
65    <uses-permission android:name="android.permission.MANAGE_ACCOUNTS" />
65-->[com.vmos:vmos-lite-sdk:1.1.4-beta03] AndroidManifest.xml:50:5-74
65-->[com.vmos:vmos-lite-sdk:1.1.4-beta03] AndroidManifest.xml:50:22-71
66    <uses-permission android:name="android.permission.MODIFY_AUDIO_SETTINGS" />
66-->[com.vmos:vmos-lite-sdk:1.1.4-beta03] AndroidManifest.xml:51:5-80
66-->[com.vmos:vmos-lite-sdk:1.1.4-beta03] AndroidManifest.xml:51:22-77
67    <uses-permission android:name="android.permission.NFC" />
67-->[com.vmos:vmos-lite-sdk:1.1.4-beta03] AndroidManifest.xml:52:5-62
67-->[com.vmos:vmos-lite-sdk:1.1.4-beta03] AndroidManifest.xml:52:22-59
68    <uses-permission android:name="android.permission.PERSISTENT_ACTIVITY" /> <!-- <uses-permission android:name="android.permission.PROCESS_OUTGOING_CALLS" /> -->
68-->[com.vmos:vmos-lite-sdk:1.1.4-beta03] AndroidManifest.xml:53:5-78
68-->[com.vmos:vmos-lite-sdk:1.1.4-beta03] AndroidManifest.xml:53:22-75
69    <uses-permission android:name="android.permission.READ_CALENDAR" /> <!-- <uses-permission android:name="android.permission.READ_CALL_LOG" /> -->
69-->[com.vmos:vmos-lite-sdk:1.1.4-beta03] AndroidManifest.xml:54:5-72
69-->[com.vmos:vmos-lite-sdk:1.1.4-beta03] AndroidManifest.xml:54:22-69
70    <uses-permission android:name="android.permission.READ_CELL_BROADCASTS" />
70-->[com.vmos:vmos-lite-sdk:1.1.4-beta03] AndroidManifest.xml:55:5-79
70-->[com.vmos:vmos-lite-sdk:1.1.4-beta03] AndroidManifest.xml:55:22-76
71    <uses-permission android:name="android.permission.READ_CONTACTS" />
71-->[com.vmos:vmos-lite-sdk:1.1.4-beta03] AndroidManifest.xml:56:5-72
71-->[com.vmos:vmos-lite-sdk:1.1.4-beta03] AndroidManifest.xml:56:22-69
72    <uses-permission android:name="android.permission.READ_INSTALL_SESSIONS" />
72-->[com.vmos:vmos-lite-sdk:1.1.4-beta03] AndroidManifest.xml:58:5-80
72-->[com.vmos:vmos-lite-sdk:1.1.4-beta03] AndroidManifest.xml:58:22-77
73    <uses-permission android:name="android.permission.READ_PHONE_STATE" />
73-->[com.vmos:vmos-lite-sdk:1.1.4-beta03] AndroidManifest.xml:59:5-75
73-->[com.vmos:vmos-lite-sdk:1.1.4-beta03] AndroidManifest.xml:59:22-72
74    <uses-permission android:name="android.permission.READ_PROFILE" />
74-->[com.vmos:vmos-lite-sdk:1.1.4-beta03] AndroidManifest.xml:60:5-71
74-->[com.vmos:vmos-lite-sdk:1.1.4-beta03] AndroidManifest.xml:60:22-68
75    <uses-permission android:name="android.permission.READ_SMS" />
75-->[com.vmos:vmos-lite-sdk:1.1.4-beta03] AndroidManifest.xml:61:5-67
75-->[com.vmos:vmos-lite-sdk:1.1.4-beta03] AndroidManifest.xml:61:22-64
76    <uses-permission android:name="android.permission.READ_SOCIAL_STREAM" />
76-->[com.vmos:vmos-lite-sdk:1.1.4-beta03] AndroidManifest.xml:62:5-77
76-->[com.vmos:vmos-lite-sdk:1.1.4-beta03] AndroidManifest.xml:62:22-74
77    <uses-permission android:name="android.permission.READ_SYNC_SETTINGS" />
77-->[com.vmos:vmos-lite-sdk:1.1.4-beta03] AndroidManifest.xml:63:5-77
77-->[com.vmos:vmos-lite-sdk:1.1.4-beta03] AndroidManifest.xml:63:22-74
78    <uses-permission android:name="android.permission.READ_SYNC_STATS" />
78-->[com.vmos:vmos-lite-sdk:1.1.4-beta03] AndroidManifest.xml:64:5-74
78-->[com.vmos:vmos-lite-sdk:1.1.4-beta03] AndroidManifest.xml:64:22-71
79    <uses-permission android:name="android.permission.READ_USER_DICTIONARY" />
79-->[com.vmos:vmos-lite-sdk:1.1.4-beta03] AndroidManifest.xml:65:5-79
79-->[com.vmos:vmos-lite-sdk:1.1.4-beta03] AndroidManifest.xml:65:22-76
80    <uses-permission android:name="android.permission.RECEIVE_BOOT_COMPLETED" />
80-->[com.vmos:vmos-lite-sdk:1.1.4-beta03] AndroidManifest.xml:66:5-81
80-->[com.vmos:vmos-lite-sdk:1.1.4-beta03] AndroidManifest.xml:66:22-78
81    <uses-permission android:name="android.permission.RECEIVE_MMS" />
81-->[com.vmos:vmos-lite-sdk:1.1.4-beta03] AndroidManifest.xml:67:5-70
81-->[com.vmos:vmos-lite-sdk:1.1.4-beta03] AndroidManifest.xml:67:22-67
82    <uses-permission android:name="android.permission.RECEIVE_SMS" />
82-->[com.vmos:vmos-lite-sdk:1.1.4-beta03] AndroidManifest.xml:68:5-70
82-->[com.vmos:vmos-lite-sdk:1.1.4-beta03] AndroidManifest.xml:68:22-67
83    <uses-permission android:name="android.permission.RECORD_AUDIO" />
83-->[com.vmos:vmos-lite-sdk:1.1.4-beta03] AndroidManifest.xml:69:5-71
83-->[com.vmos:vmos-lite-sdk:1.1.4-beta03] AndroidManifest.xml:69:22-68
84    <uses-permission android:name="android.permission.REORDER_TASKS" />
84-->[com.vmos:vmos-lite-sdk:1.1.4-beta03] AndroidManifest.xml:70:5-72
84-->[com.vmos:vmos-lite-sdk:1.1.4-beta03] AndroidManifest.xml:70:22-69
85    <uses-permission android:name="android.permission.RESTART_PACKAGES" />
85-->[com.vmos:vmos-lite-sdk:1.1.4-beta03] AndroidManifest.xml:71:5-75
85-->[com.vmos:vmos-lite-sdk:1.1.4-beta03] AndroidManifest.xml:71:22-72
86    <uses-permission android:name="android.permission.SEND_SMS" />
86-->[com.vmos:vmos-lite-sdk:1.1.4-beta03] AndroidManifest.xml:72:5-67
86-->[com.vmos:vmos-lite-sdk:1.1.4-beta03] AndroidManifest.xml:72:22-64
87    <uses-permission android:name="android.permission.SET_TIME_ZONE" />
87-->[com.vmos:vmos-lite-sdk:1.1.4-beta03] AndroidManifest.xml:73:5-75:47
87-->[com.vmos:vmos-lite-sdk:1.1.4-beta03] AndroidManifest.xml:74:9-56
88    <uses-permission android:name="android.permission.SET_WALLPAPER" />
88-->[com.vmos:vmos-lite-sdk:1.1.4-beta03] AndroidManifest.xml:76:5-72
88-->[com.vmos:vmos-lite-sdk:1.1.4-beta03] AndroidManifest.xml:76:22-69
89    <uses-permission android:name="android.permission.SET_WALLPAPER_HINTS" />
89-->[com.vmos:vmos-lite-sdk:1.1.4-beta03] AndroidManifest.xml:77:5-78
89-->[com.vmos:vmos-lite-sdk:1.1.4-beta03] AndroidManifest.xml:77:22-75
90    <uses-permission android:name="android.permission.SUBSCRIBED_FEEDS_READ" />
90-->[com.vmos:vmos-lite-sdk:1.1.4-beta03] AndroidManifest.xml:78:5-80
90-->[com.vmos:vmos-lite-sdk:1.1.4-beta03] AndroidManifest.xml:78:22-77
91    <uses-permission android:name="android.permission.SUBSCRIBED_FEEDS_WRITE" />
91-->[com.vmos:vmos-lite-sdk:1.1.4-beta03] AndroidManifest.xml:79:5-81
91-->[com.vmos:vmos-lite-sdk:1.1.4-beta03] AndroidManifest.xml:79:22-78
92    <uses-permission android:name="android.permission.TRANSMIT_IR" />
92-->[com.vmos:vmos-lite-sdk:1.1.4-beta03] AndroidManifest.xml:81:5-70
92-->[com.vmos:vmos-lite-sdk:1.1.4-beta03] AndroidManifest.xml:81:22-67
93    <uses-permission android:name="android.permission.USE_CREDENTIALS" />
93-->[com.vmos:vmos-lite-sdk:1.1.4-beta03] AndroidManifest.xml:82:5-74
93-->[com.vmos:vmos-lite-sdk:1.1.4-beta03] AndroidManifest.xml:82:22-71
94    <uses-permission android:name="android.permission.USE_SIP" />
94-->[com.vmos:vmos-lite-sdk:1.1.4-beta03] AndroidManifest.xml:83:5-66
94-->[com.vmos:vmos-lite-sdk:1.1.4-beta03] AndroidManifest.xml:83:22-63
95    <uses-permission android:name="android.permission.VIBRATE" />
95-->[com.vmos:vmos-lite-sdk:1.1.4-beta03] AndroidManifest.xml:84:5-66
95-->[com.vmos:vmos-lite-sdk:1.1.4-beta03] AndroidManifest.xml:84:22-63
96    <uses-permission android:name="android.permission.WAKE_LOCK" />
96-->[com.vmos:vmos-lite-sdk:1.1.4-beta03] AndroidManifest.xml:85:5-68
96-->[com.vmos:vmos-lite-sdk:1.1.4-beta03] AndroidManifest.xml:85:22-65
97    <uses-permission android:name="android.permission.WRITE_CALENDAR" /> <!-- <uses-permission android:name="android.permission.WRITE_CALL_LOG" /> -->
97-->[com.vmos:vmos-lite-sdk:1.1.4-beta03] AndroidManifest.xml:86:5-73
97-->[com.vmos:vmos-lite-sdk:1.1.4-beta03] AndroidManifest.xml:86:22-70
98    <uses-permission android:name="android.permission.WRITE_CONTACTS" />
98-->[com.vmos:vmos-lite-sdk:1.1.4-beta03] AndroidManifest.xml:87:5-73
98-->[com.vmos:vmos-lite-sdk:1.1.4-beta03] AndroidManifest.xml:87:22-70
99    <uses-permission android:name="android.permission.WRITE_PROFILE" />
99-->[com.vmos:vmos-lite-sdk:1.1.4-beta03] AndroidManifest.xml:89:5-72
99-->[com.vmos:vmos-lite-sdk:1.1.4-beta03] AndroidManifest.xml:89:22-69
100    <uses-permission android:name="android.permission.WRITE_SETTINGS" />
100-->[com.vmos:vmos-lite-sdk:1.1.4-beta03] AndroidManifest.xml:90:5-92:47
100-->[com.vmos:vmos-lite-sdk:1.1.4-beta03] AndroidManifest.xml:91:9-57
101    <uses-permission android:name="android.permission.WRITE_SOCIAL_STREAM" />
101-->[com.vmos:vmos-lite-sdk:1.1.4-beta03] AndroidManifest.xml:93:5-78
101-->[com.vmos:vmos-lite-sdk:1.1.4-beta03] AndroidManifest.xml:93:22-75
102    <uses-permission android:name="android.permission.WRITE_SYNC_SETTINGS" />
102-->[com.vmos:vmos-lite-sdk:1.1.4-beta03] AndroidManifest.xml:94:5-78
102-->[com.vmos:vmos-lite-sdk:1.1.4-beta03] AndroidManifest.xml:94:22-75
103    <uses-permission android:name="android.permission.WRITE_USER_DICTIONARY" />
103-->[com.vmos:vmos-lite-sdk:1.1.4-beta03] AndroidManifest.xml:95:5-80
103-->[com.vmos:vmos-lite-sdk:1.1.4-beta03] AndroidManifest.xml:95:22-77
104    <uses-permission android:name="android.permission.USE_FINGERPRINT" />
104-->[com.vmos:vmos-lite-sdk:1.1.4-beta03] AndroidManifest.xml:96:5-74
104-->[com.vmos:vmos-lite-sdk:1.1.4-beta03] AndroidManifest.xml:96:22-71
105    <uses-permission android:name="com.android.alarm.permission.SET_ALARM" />
105-->[com.vmos:vmos-lite-sdk:1.1.4-beta03] AndroidManifest.xml:98:5-78
105-->[com.vmos:vmos-lite-sdk:1.1.4-beta03] AndroidManifest.xml:98:22-75
106    <uses-permission android:name="com.android.browser.permission.READ_HISTORY_BOOKMARKS" />
106-->[com.vmos:vmos-lite-sdk:1.1.4-beta03] AndroidManifest.xml:99:5-93
106-->[com.vmos:vmos-lite-sdk:1.1.4-beta03] AndroidManifest.xml:99:22-90
107    <uses-permission android:name="com.android.browser.permission.WRITE_HISTORY_BOOKMARKS" />
107-->[com.vmos:vmos-lite-sdk:1.1.4-beta03] AndroidManifest.xml:100:5-94
107-->[com.vmos:vmos-lite-sdk:1.1.4-beta03] AndroidManifest.xml:100:22-91
108    <uses-permission android:name="com.android.launcher.permission.INSTALL_SHORTCUT" />
108-->[com.vmos:vmos-lite-sdk:1.1.4-beta03] AndroidManifest.xml:101:5-88
108-->[com.vmos:vmos-lite-sdk:1.1.4-beta03] AndroidManifest.xml:101:22-85
109    <uses-permission android:name="com.android.launcher.permission.UNINSTALL_SHORTCUT" />
109-->[com.vmos:vmos-lite-sdk:1.1.4-beta03] AndroidManifest.xml:102:5-90
109-->[com.vmos:vmos-lite-sdk:1.1.4-beta03] AndroidManifest.xml:102:22-87
110    <uses-permission android:name="com.android.voicemail.permission.ADD_VOICEMAIL" />
110-->[com.vmos:vmos-lite-sdk:1.1.4-beta03] AndroidManifest.xml:103:5-86
110-->[com.vmos:vmos-lite-sdk:1.1.4-beta03] AndroidManifest.xml:103:22-83
111    <uses-permission android:name="com.google.android.providers.gsf.permission.READ_GSERVICES" />
111-->[com.vmos:vmos-lite-sdk:1.1.4-beta03] AndroidManifest.xml:104:5-98
111-->[com.vmos:vmos-lite-sdk:1.1.4-beta03] AndroidManifest.xml:104:22-95
112    <uses-permission android:name="com.google.android.providers.talk.permission.READ_ONLY" />
112-->[com.vmos:vmos-lite-sdk:1.1.4-beta03] AndroidManifest.xml:105:5-94
112-->[com.vmos:vmos-lite-sdk:1.1.4-beta03] AndroidManifest.xml:105:22-91
113    <uses-permission android:name="com.google.android.providers.talk.permission.WRITE_ONLY" />
113-->[com.vmos:vmos-lite-sdk:1.1.4-beta03] AndroidManifest.xml:106:5-95
113-->[com.vmos:vmos-lite-sdk:1.1.4-beta03] AndroidManifest.xml:106:22-92
114    <uses-permission android:name="android.permission.MOUNT_UNMOUNT_FILESYSTEMS" />
114-->[com.vmos:vmos-lite-sdk:1.1.4-beta03] AndroidManifest.xml:107:5-109:47
114-->[com.vmos:vmos-lite-sdk:1.1.4-beta03] AndroidManifest.xml:108:9-68
115    <uses-permission android:name="android.permission.READ_LOGS" />
115-->[com.vmos:vmos-lite-sdk:1.1.4-beta03] AndroidManifest.xml:110:5-112:47
115-->[com.vmos:vmos-lite-sdk:1.1.4-beta03] AndroidManifest.xml:111:9-52
116
117    <uses-permission-sdk-23 android:name="android.permission.REQUEST_IGNORE_BATTERY_OPTIMIZATIONS" />
117-->[com.vmos:vmos-lite-sdk:1.1.4-beta03] AndroidManifest.xml:114:5-102
117-->[com.vmos:vmos-lite-sdk:1.1.4-beta03] AndroidManifest.xml:114:29-99
118
119    <uses-permission android:name="android.permission.INSTALL_PACKAGES" />
119-->[com.vmos:vmos-lite-sdk:1.1.4-beta03] AndroidManifest.xml:116:5-118:47
119-->[com.vmos:vmos-lite-sdk:1.1.4-beta03] AndroidManifest.xml:117:9-59
120    <uses-permission android:name="android.permission.DELETE_PACKAGES" />
120-->[com.vmos:vmos-lite-sdk:1.1.4-beta03] AndroidManifest.xml:119:5-121:47
120-->[com.vmos:vmos-lite-sdk:1.1.4-beta03] AndroidManifest.xml:120:9-58
121    <uses-permission android:name="android.permission.CLEAR_APP_USER_DATA" />
121-->[com.vmos:vmos-lite-sdk:1.1.4-beta03] AndroidManifest.xml:122:5-124:47
121-->[com.vmos:vmos-lite-sdk:1.1.4-beta03] AndroidManifest.xml:123:9-62
122    <uses-permission android:name="android.permission.WRITE_MEDIA_STORAGE" />
122-->[com.vmos:vmos-lite-sdk:1.1.4-beta03] AndroidManifest.xml:125:5-127:47
122-->[com.vmos:vmos-lite-sdk:1.1.4-beta03] AndroidManifest.xml:126:9-62
123    <uses-permission android:name="android.permission.ACCESS_CACHE_FILESYSTEM" />
123-->[com.vmos:vmos-lite-sdk:1.1.4-beta03] AndroidManifest.xml:128:5-130:47
123-->[com.vmos:vmos-lite-sdk:1.1.4-beta03] AndroidManifest.xml:129:9-66
124    <uses-permission android:name="android.permission.READ_OWNER_DATA" />
124-->[com.vmos:vmos-lite-sdk:1.1.4-beta03] AndroidManifest.xml:131:5-74
124-->[com.vmos:vmos-lite-sdk:1.1.4-beta03] AndroidManifest.xml:131:22-71
125    <uses-permission android:name="android.permission.WRITE_OWNER_DATA" />
125-->[com.vmos:vmos-lite-sdk:1.1.4-beta03] AndroidManifest.xml:132:5-75
125-->[com.vmos:vmos-lite-sdk:1.1.4-beta03] AndroidManifest.xml:132:22-72
126    <uses-permission android:name="android.permission.CHANGE_CONFIGURATION" />
126-->[com.vmos:vmos-lite-sdk:1.1.4-beta03] AndroidManifest.xml:133:5-135:47
126-->[com.vmos:vmos-lite-sdk:1.1.4-beta03] AndroidManifest.xml:134:9-63
127    <uses-permission android:name="android.permission.DEVICE_POWER" />
127-->[com.vmos:vmos-lite-sdk:1.1.4-beta03] AndroidManifest.xml:136:5-138:47
127-->[com.vmos:vmos-lite-sdk:1.1.4-beta03] AndroidManifest.xml:137:9-55
128    <uses-permission android:name="android.permission.BATTERY_STATS" />
128-->[com.vmos:vmos-lite-sdk:1.1.4-beta03] AndroidManifest.xml:139:5-141:47
128-->[com.vmos:vmos-lite-sdk:1.1.4-beta03] AndroidManifest.xml:140:9-56
129    <uses-permission android:name="android.permission.ACCESS_DOWNLOAD_MANAGER" />
129-->[com.vmos:vmos-lite-sdk:1.1.4-beta03] AndroidManifest.xml:142:5-82
129-->[com.vmos:vmos-lite-sdk:1.1.4-beta03] AndroidManifest.xml:142:22-79
130    <uses-permission android:name="com.android.launcher.permission.READ_SETTINGS" />
130-->[com.vmos:vmos-lite-sdk:1.1.4-beta03] AndroidManifest.xml:143:5-85
130-->[com.vmos:vmos-lite-sdk:1.1.4-beta03] AndroidManifest.xml:143:22-82
131    <uses-permission android:name="com.android.launcher.permission.WRITE_SETTINGS" />
131-->[com.vmos:vmos-lite-sdk:1.1.4-beta03] AndroidManifest.xml:144:5-86
131-->[com.vmos:vmos-lite-sdk:1.1.4-beta03] AndroidManifest.xml:144:22-83
132    <uses-permission android:name="android.permission.WRITE_APN_SETTINGS" />
132-->[com.vmos:vmos-lite-sdk:1.1.4-beta03] AndroidManifest.xml:145:5-147:47
132-->[com.vmos:vmos-lite-sdk:1.1.4-beta03] AndroidManifest.xml:146:9-61
133    <uses-permission android:name="android.permission.MEDIA_CONTENT_CONTROL" />
133-->[com.vmos:vmos-lite-sdk:1.1.4-beta03] AndroidManifest.xml:148:5-150:47
133-->[com.vmos:vmos-lite-sdk:1.1.4-beta03] AndroidManifest.xml:149:9-64
134    <uses-permission android:name="com.google.android.launcher.permission.READ_SETTINGS" />
134-->[com.vmos:vmos-lite-sdk:1.1.4-beta03] AndroidManifest.xml:151:5-92
134-->[com.vmos:vmos-lite-sdk:1.1.4-beta03] AndroidManifest.xml:151:22-89
135    <uses-permission android:name="com.android.launcher3.permission.READ_SETTINGS" />
135-->[com.vmos:vmos-lite-sdk:1.1.4-beta03] AndroidManifest.xml:152:5-86
135-->[com.vmos:vmos-lite-sdk:1.1.4-beta03] AndroidManifest.xml:152:22-83
136    <uses-permission android:name="com.android.launcher2.permission.READ_SETTINGS" />
136-->[com.vmos:vmos-lite-sdk:1.1.4-beta03] AndroidManifest.xml:153:5-86
136-->[com.vmos:vmos-lite-sdk:1.1.4-beta03] AndroidManifest.xml:153:22-83
137    <uses-permission android:name="com.teslacoilsw.launcher.permission.READ_SETTINGS" />
137-->[com.vmos:vmos-lite-sdk:1.1.4-beta03] AndroidManifest.xml:154:5-89
137-->[com.vmos:vmos-lite-sdk:1.1.4-beta03] AndroidManifest.xml:154:22-86
138    <uses-permission android:name="com.actionlauncher.playstore.permission.READ_SETTINGS" />
138-->[com.vmos:vmos-lite-sdk:1.1.4-beta03] AndroidManifest.xml:155:5-93
138-->[com.vmos:vmos-lite-sdk:1.1.4-beta03] AndroidManifest.xml:155:22-90
139    <uses-permission android:name="com.mx.launcher.permission.READ_SETTINGS" />
139-->[com.vmos:vmos-lite-sdk:1.1.4-beta03] AndroidManifest.xml:156:5-80
139-->[com.vmos:vmos-lite-sdk:1.1.4-beta03] AndroidManifest.xml:156:22-77
140    <uses-permission android:name="com.anddoes.launcher.permission.READ_SETTINGS" />
140-->[com.vmos:vmos-lite-sdk:1.1.4-beta03] AndroidManifest.xml:157:5-85
140-->[com.vmos:vmos-lite-sdk:1.1.4-beta03] AndroidManifest.xml:157:22-82
141    <uses-permission android:name="com.apusapps.launcher.permission.READ_SETTINGS" />
141-->[com.vmos:vmos-lite-sdk:1.1.4-beta03] AndroidManifest.xml:158:5-86
141-->[com.vmos:vmos-lite-sdk:1.1.4-beta03] AndroidManifest.xml:158:22-83
142    <uses-permission android:name="com.tsf.shell.permission.READ_SETTINGS" />
142-->[com.vmos:vmos-lite-sdk:1.1.4-beta03] AndroidManifest.xml:159:5-78
142-->[com.vmos:vmos-lite-sdk:1.1.4-beta03] AndroidManifest.xml:159:22-75
143    <uses-permission android:name="com.htc.launcher.permission.READ_SETTINGS" />
143-->[com.vmos:vmos-lite-sdk:1.1.4-beta03] AndroidManifest.xml:160:5-81
143-->[com.vmos:vmos-lite-sdk:1.1.4-beta03] AndroidManifest.xml:160:22-78
144    <uses-permission android:name="com.lenovo.launcher.permission.READ_SETTINGS" />
144-->[com.vmos:vmos-lite-sdk:1.1.4-beta03] AndroidManifest.xml:161:5-84
144-->[com.vmos:vmos-lite-sdk:1.1.4-beta03] AndroidManifest.xml:161:22-81
145    <uses-permission android:name="com.oppo.launcher.permission.READ_SETTINGS" />
145-->[com.vmos:vmos-lite-sdk:1.1.4-beta03] AndroidManifest.xml:162:5-82
145-->[com.vmos:vmos-lite-sdk:1.1.4-beta03] AndroidManifest.xml:162:22-79
146    <uses-permission android:name="com.bbk.launcher2.permission.READ_SETTINGS" />
146-->[com.vmos:vmos-lite-sdk:1.1.4-beta03] AndroidManifest.xml:163:5-82
146-->[com.vmos:vmos-lite-sdk:1.1.4-beta03] AndroidManifest.xml:163:22-79
147    <uses-permission android:name="com.s.launcher.permission.READ_SETTINGS" />
147-->[com.vmos:vmos-lite-sdk:1.1.4-beta03] AndroidManifest.xml:164:5-79
147-->[com.vmos:vmos-lite-sdk:1.1.4-beta03] AndroidManifest.xml:164:22-76
148    <uses-permission android:name="cn.nubia.launcher.permission.READ_SETTINGS" />
148-->[com.vmos:vmos-lite-sdk:1.1.4-beta03] AndroidManifest.xml:165:5-82
148-->[com.vmos:vmos-lite-sdk:1.1.4-beta03] AndroidManifest.xml:165:22-79
149    <uses-permission android:name="com.huawei.android.launcher.permission.READ_SETTINGS" />
149-->[com.vmos:vmos-lite-sdk:1.1.4-beta03] AndroidManifest.xml:166:5-92
149-->[com.vmos:vmos-lite-sdk:1.1.4-beta03] AndroidManifest.xml:166:22-89
150    <uses-permission android:name="com.huawei.android.launcher.permission.WRITE_SETTINGS" />
150-->[com.vmos:vmos-lite-sdk:1.1.4-beta03] AndroidManifest.xml:167:5-93
150-->[com.vmos:vmos-lite-sdk:1.1.4-beta03] AndroidManifest.xml:167:22-90
151    <uses-permission android:name="com.huawei.android.launcher.permission.CHANGE_BADGE" />
151-->[com.vmos:vmos-lite-sdk:1.1.4-beta03] AndroidManifest.xml:168:5-91
151-->[com.vmos:vmos-lite-sdk:1.1.4-beta03] AndroidManifest.xml:168:22-88
152    <uses-permission android:name="com.sec.android.provider.badge.permission.READ" />
152-->[com.vmos:vmos-lite-sdk:1.1.4-beta03] AndroidManifest.xml:169:5-86
152-->[com.vmos:vmos-lite-sdk:1.1.4-beta03] AndroidManifest.xml:169:22-83